This file contains any messages produced by compilers while
running configure, to aid debugging if configure makes a mistake.

It was created by fann_train configure 0.1, which was
generated by GNU Autoconf 2.67.  Invocation command line was

  $ ./configure --with-aux-protobuf

## --------- ##
## Platform. ##
## --------- ##

hostname = drozdov
uname -m = i686
uname -r = 2.6.32-5-686-bigmem
uname -s = Linux
uname -v = #1 SMP Sun Sep 23 10:27:25 UTC 2012

/usr/bin/uname -p = unknown
/bin/uname -X     = unknown

/bin/arch              = unknown
/usr/bin/arch -k       = unknown
/usr/convex/getsysinfo = unknown
/usr/bin/hostinfo      = unknown
/bin/machine           = unknown
/usr/bin/oslevel       = unknown
/bin/universe          = unknown

PATH: /usr/local/bin
PATH: /usr/bin
PATH: /bin
PATH: /usr/local/games
PATH: /usr/games


## ----------- ##
## Core tests. ##
## ----------- ##

configure:2233: checking for g++
configure:2249: found /usr/bin/g++
configure:2260: result: g++
configure:2287: checking for C++ compiler version
configure:2296: g++ --version >&5
g++ (Debian 4.4.5-8) 4.4.5
Copyright (C) 2010 Free Software Foundation, Inc.
This is free software; see the source for copying conditions.  There is NO
warranty; not even for MERCHANTABILITY or FITNESS FOR A PARTICULAR PURPOSE.

configure:2307: $? = 0
configure:2296: g++ -v >&5
Using built-in specs.
Target: i486-linux-gnu
Configured with: ../src/configure -v --with-pkgversion='Debian 4.4.5-8' --with-bugurl=file:///usr/share/doc/gcc-4.4/README.Bugs --enable-languages=c,c++,fortran,objc,obj-c++ --prefix=/usr --program-suffix=-4.4 --enable-shared --enable-multiarch --enable-linker-build-id --with-system-zlib --libexecdir=/usr/lib --without-included-gettext --enable-threads=posix --with-gxx-include-dir=/usr/include/c++/4.4 --libdir=/usr/lib --enable-nls --enable-clocale=gnu --enable-libstdcxx-debug --enable-objc-gc --enable-targets=all --with-arch-32=i586 --with-tune=generic --enable-checking=release --build=i486-linux-gnu --host=i486-linux-gnu --target=i486-linux-gnu
Thread model: posix
gcc version 4.4.5 (Debian 4.4.5-8) 
configure:2307: $? = 0
configure:2296: g++ -V >&5
g++: '-V' option must have argument
configure:2307: $? = 1
configure:2296: g++ -qversion >&5
g++: unrecognized option '-qversion'
g++: no input files
configure:2307: $? = 1
configure:2327: checking whether the C++ compiler works
configure:2349: g++    conftest.cpp  >&5
configure:2353: $? = 0
configure:2401: result: yes
configure:2404: checking for C++ compiler default output file name
configure:2406: result: a.out
configure:2412: checking for suffix of executables
configure:2419: g++ -o conftest    conftest.cpp  >&5
configure:2423: $? = 0
configure:2445: result: 
configure:2467: checking whether we are cross compiling
configure:2475: g++ -o conftest    conftest.cpp  >&5
configure:2479: $? = 0
configure:2486: ./conftest
configure:2490: $? = 0
configure:2505: result: no
configure:2510: checking for suffix of object files
configure:2532: g++ -c   conftest.cpp >&5
configure:2536: $? = 0
configure:2557: result: o
configure:2561: checking whether we are using the GNU C++ compiler
configure:2580: g++ -c   conftest.cpp >&5
configure:2580: $? = 0
configure:2589: result: yes
configure:2598: checking whether g++ accepts -g
configure:2618: g++ -c -g  conftest.cpp >&5
configure:2618: $? = 0
configure:2659: result: yes
configure:2730: checking for gcc
configure:2746: found /usr/bin/gcc
configure:2757: result: gcc
configure:2986: checking for C compiler version
configure:2995: gcc --version >&5
gcc (Debian 4.4.5-8) 4.4.5
Copyright (C) 2010 Free Software Foundation, Inc.
This is free software; see the source for copying conditions.  There is NO
warranty; not even for MERCHANTABILITY or FITNESS FOR A PARTICULAR PURPOSE.

configure:3006: $? = 0
configure:2995: gcc -v >&5
Using built-in specs.
Target: i486-linux-gnu
Configured with: ../src/configure -v --with-pkgversion='Debian 4.4.5-8' --with-bugurl=file:///usr/share/doc/gcc-4.4/README.Bugs --enable-languages=c,c++,fortran,objc,obj-c++ --prefix=/usr --program-suffix=-4.4 --enable-shared --enable-multiarch --enable-linker-build-id --with-system-zlib --libexecdir=/usr/lib --without-included-gettext --enable-threads=posix --with-gxx-include-dir=/usr/include/c++/4.4 --libdir=/usr/lib --enable-nls --enable-clocale=gnu --enable-libstdcxx-debug --enable-objc-gc --enable-targets=all --with-arch-32=i586 --with-tune=generic --enable-checking=release --build=i486-linux-gnu --host=i486-linux-gnu --target=i486-linux-gnu
Thread model: posix
gcc version 4.4.5 (Debian 4.4.5-8) 
configure:3006: $? = 0
configure:2995: gcc -V >&5
gcc: '-V' option must have argument
configure:3006: $? = 1
configure:2995: gcc -qversion >&5
gcc: unrecognized option '-qversion'
gcc: no input files
configure:3006: $? = 1
configure:3010: checking whether we are using the GNU C compiler
configure:3029: gcc -c   conftest.c >&5
configure:3029: $? = 0
configure:3038: result: yes
configure:3047: checking whether gcc accepts -g
configure:3067: gcc -c -g  conftest.c >&5
configure:3067: $? = 0
configure:3108: result: yes
configure:3125: checking for gcc option to accept ISO C89
configure:3189: gcc  -c -g -O2  conftest.c >&5
configure:3189: $? = 0
configure:3202: result: none needed
configure:3232: checking how to run the C preprocessor
configure:3263: gcc -E  conftest.c
configure:3263: $? = 0
configure:3277: gcc -E  conftest.c
conftest.c:9:28: error: ac_nonexistent.h: No such file or directory
configure:3277: $? = 1
configure: failed program was:
| /* confdefs.h */
| #define PACKAGE_NAME "fann_train"
| #define PACKAGE_TARNAME "fann_train"
| #define PACKAGE_VERSION "0.1"
| #define PACKAGE_STRING "fann_train 0.1"
| #define PACKAGE_BUGREPORT "alex.drozdovs@gmail.com"
| #define PACKAGE_URL ""
| /* end confdefs.h.  */
| #include <ac_nonexistent.h>
configure:3302: result: gcc -E
configure:3322: gcc -E  conftest.c
configure:3322: $? = 0
configure:3336: gcc -E  conftest.c
conftest.c:9:28: error: ac_nonexistent.h: No such file or directory
configure:3336: $? = 1
configure: failed program was:
| /* confdefs.h */
| #define PACKAGE_NAME "fann_train"
| #define PACKAGE_TARNAME "fann_train"
| #define PACKAGE_VERSION "0.1"
| #define PACKAGE_STRING "fann_train 0.1"
| #define PACKAGE_BUGREPORT "alex.drozdovs@gmail.com"
| #define PACKAGE_URL ""
| /* end confdefs.h.  */
| #include <ac_nonexistent.h>
configure:3365: checking for grep that handles long lines and -e
configure:3423: result: /bin/grep
configure:3428: checking for egrep
configure:3490: result: /bin/grep -E
configure:3495: checking for ANSI C header files
configure:3515: gcc -c -g -O2  conftest.c >&5
configure:3515: $? = 0
configure:3588: gcc -o conftest -g -O2   conftest.c  >&5
configure:3588: $? = 0
configure:3588: ./conftest
configure:3588: $? = 0
configure:3599: result: yes
configure:3612: checking for sys/types.h
configure:3612: gcc -c -g -O2  conftest.c >&5
configure:3612: $? = 0
configure:3612: result: yes
configure:3612: checking for sys/stat.h
configure:3612: gcc -c -g -O2  conftest.c >&5
configure:3612: $? = 0
configure:3612: result: yes
configure:3612: checking for stdlib.h
configure:3612: gcc -c -g -O2  conftest.c >&5
configure:3612: $? = 0
configure:3612: result: yes
configure:3612: checking for string.h
configure:3612: gcc -c -g -O2  conftest.c >&5
configure:3612: $? = 0
configure:3612: result: yes
configure:3612: checking for memory.h
configure:3612: gcc -c -g -O2  conftest.c >&5
configure:3612: $? = 0
configure:3612: result: yes
configure:3612: checking for strings.h
configure:3612: gcc -c -g -O2  conftest.c >&5
configure:3612: $? = 0
configure:3612: result: yes
configure:3612: checking for inttypes.h
configure:3612: gcc -c -g -O2  conftest.c >&5
configure:3612: $? = 0
configure:3612: result: yes
configure:3612: checking for stdint.h
configure:3612: gcc -c -g -O2  conftest.c >&5
configure:3612: $? = 0
configure:3612: result: yes
configure:3612: checking for unistd.h
configure:3612: gcc -c -g -O2  conftest.c >&5
configure:3612: $? = 0
configure:3612: result: yes
configure:3627: checking for stdlib.h
configure:3627: result: yes
configure:3627: checking for string.h
configure:3627: result: yes
configure:3627: checking sys/socket.h usability
configure:3627: gcc -c -g -O2  conftest.c >&5
configure:3627: $? = 0
configure:3627: result: yes
configure:3627: checking sys/socket.h presence
configure:3627: gcc -E  conftest.c
configure:3627: $? = 0
configure:3627: result: yes
configure:3627: checking for sys/socket.h
configure:3627: result: yes
configure:3627: checking sys/time.h usability
configure:3627: gcc -c -g -O2  conftest.c >&5
configure:3627: $? = 0
configure:3627: result: yes
configure:3627: checking sys/time.h presence
configure:3627: gcc -E  conftest.c
configure:3627: $? = 0
configure:3627: result: yes
configure:3627: checking for sys/time.h
configure:3627: result: yes
configure:3627: checking for unistd.h
configure:3627: result: yes
configure:3639: checking for stdbool.h that conforms to C99
configure:3724: gcc -c -g -O2  conftest.c >&5
configure:3724: $? = 0
configure:3731: result: yes
configure:3733: checking for _Bool
configure:3733: gcc -c -g -O2  conftest.c >&5
configure:3733: $? = 0
configure:3733: gcc -c -g -O2  conftest.c >&5
conftest.c: In function 'main':
conftest.c:60: error: expected expression before ')' token
configure:3733: $? = 1
configure: failed program was:
| /* confdefs.h */
| #define PACKAGE_NAME "fann_train"
| #define PACKAGE_TARNAME "fann_train"
| #define PACKAGE_VERSION "0.1"
| #define PACKAGE_STRING "fann_train 0.1"
| #define PACKAGE_BUGREPORT "alex.drozdovs@gmail.com"
| #define PACKAGE_URL ""
| #define STDC_HEADERS 1
| #define HAVE_SYS_TYPES_H 1
| #define HAVE_SYS_STAT_H 1
| #define HAVE_STDLIB_H 1
| #define HAVE_STRING_H 1
| #define HAVE_MEMORY_H 1
| #define HAVE_STRINGS_H 1
| #define HAVE_INTTYPES_H 1
| #define HAVE_STDINT_H 1
| #define HAVE_UNISTD_H 1
| #define HAVE_STDLIB_H 1
| #define HAVE_STRING_H 1
| #define HAVE_SYS_SOCKET_H 1
| #define HAVE_SYS_TIME_H 1
| #define HAVE_UNISTD_H 1
| /* end confdefs.h.  */
| #include <stdio.h>
| #ifdef HAVE_SYS_TYPES_H
| # include <sys/types.h>
| #endif
| #ifdef HAVE_SYS_STAT_H
| # include <sys/stat.h>
| #endif
| #ifdef STDC_HEADERS
| # include <stdlib.h>
| # include <stddef.h>
| #else
| # ifdef HAVE_STDLIB_H
| #  include <stdlib.h>
| # endif
| #endif
| #ifdef HAVE_STRING_H
| # if !defined STDC_HEADERS && defined HAVE_MEMORY_H
| #  include <memory.h>
| # endif
| # include <string.h>
| #endif
| #ifdef HAVE_STRINGS_H
| # include <strings.h>
| #endif
| #ifdef HAVE_INTTYPES_H
| # include <inttypes.h>
| #endif
| #ifdef HAVE_STDINT_H
| # include <stdint.h>
| #endif
| #ifdef HAVE_UNISTD_H
| # include <unistd.h>
| #endif
| int
| main ()
| {
| if (sizeof ((_Bool)))
| 	    return 0;
|   ;
|   return 0;
| }
configure:3733: result: yes
configure:3753: checking for memset
configure:3753: gcc -o conftest -g -O2   conftest.c  >&5
conftest.c:49: warning: conflicting types for built-in function 'memset'
configure:3753: $? = 0
configure:3753: result: yes
configure:3764: checking for main in -ldl
configure:3783: gcc -o conftest -g -O2   conftest.c -ldl   >&5
configure:3783: $? = 0
configure:3792: result: yes
configure:3803: checking for main in -lpthread
configure:3822: gcc -o conftest -g -O2   conftest.c -lpthread  -ldl  >&5
configure:3822: $? = 0
configure:3831: result: yes
configure:3843: checking if building for macosx
configure:3852: result: no
configure:3866: checking usable instance for protocol buffers (option --with-aux-protobuf)
configure:4090: result: local
configure:4093: checking for main in -lprotobuf
configure:4112: gcc -o conftest -g -O2   conftest.c -lprotobuf  -lpthread -ldl  >&5
configure:4112: $? = 0
configure:4121: result: yes
configure:4134: checking for protoc
configure:4150: found /home/adrozdov/dev/speech/aux-packages/build/bin//protoc
configure:4162: result: yes
configure:4177: checking for main in -lpcre
configure:4196: gcc -o conftest -g -O2   conftest.c -lpcre  -lpthread -ldl  -lprotobuf -L/home/adrozdov/dev/speech/aux-packages/build/lib/ >&5
configure:4196: $? = 0
configure:4205: result: yes
configure:4218: checking for main in -lfloatfann
configure:4237: gcc -o conftest -g -O2   conftest.c -lfloatfann  -lpthread -ldl  -lprotobuf -L/home/adrozdov/dev/speech/aux-packages/build/lib/ -lpcre >&5
configure:4237: $? = 0
configure:4246: result: yes
configure:4259: checking for main in -ltcl8.5
configure:4278: gcc -o conftest -g -O2   conftest.c -ltcl8.5  -lpthread -ldl  -lprotobuf -L/home/adrozdov/dev/speech/aux-packages/build/lib/ -lpcre -lfloatfann >&5
configure:4278: $? = 0
configure:4287: result: yes
configure:4661: creating ./config.status

## ---------------------- ##
## Running config.status. ##
## ---------------------- ##

This file was extended by fann_train config.status 0.1, which was
generated by GNU Autoconf 2.67.  Invocation command line was

  CONFIG_FILES    = 
  CONFIG_HEADERS  = 
  CONFIG_LINKS    = 
  CONFIG_COMMANDS = 
  $ ./config.status 

on drozdov

config.status:742: creating Makefile

## ---------------- ##
## Cache variables. ##
## ---------------- ##

ac_cv_c_compiler_gnu=yes
ac_cv_cxx_compiler_gnu=yes
ac_cv_env_CCC_set=
ac_cv_env_CCC_value=
ac_cv_env_CC_set=
ac_cv_env_CC_value=
ac_cv_env_CFLAGS_set=
ac_cv_env_CFLAGS_value=
ac_cv_env_CPPFLAGS_set=
ac_cv_env_CPPFLAGS_value=
ac_cv_env_CPP_set=
ac_cv_env_CPP_value=
ac_cv_env_CXXFLAGS_set=
ac_cv_env_CXXFLAGS_value=
ac_cv_env_CXX_set=
ac_cv_env_CXX_value=
ac_cv_env_LDFLAGS_set=
ac_cv_env_LDFLAGS_value=
ac_cv_env_LIBS_set=
ac_cv_env_LIBS_value=
ac_cv_env_build_alias_set=
ac_cv_env_build_alias_value=
ac_cv_env_host_alias_set=
ac_cv_env_host_alias_value=
ac_cv_env_target_alias_set=
ac_cv_env_target_alias_value=
ac_cv_func_memset=yes
ac_cv_header_inttypes_h=yes
ac_cv_header_memory_h=yes
ac_cv_header_stdbool_h=yes
ac_cv_header_stdc=yes
ac_cv_header_stdint_h=yes
ac_cv_header_stdlib_h=yes
ac_cv_header_string_h=yes
ac_cv_header_strings_h=yes
ac_cv_header_sys_socket_h=yes
ac_cv_header_sys_stat_h=yes
ac_cv_header_sys_time_h=yes
ac_cv_header_sys_types_h=yes
ac_cv_header_unistd_h=yes
ac_cv_lib_dl_main=yes
ac_cv_lib_floatfann_main=yes
ac_cv_lib_pcre_main=yes
ac_cv_lib_protobuf_main=yes
ac_cv_lib_pthread_main=yes
ac_cv_lib_tcl8_5_main=yes
ac_cv_objext=o
ac_cv_path_EGREP='/bin/grep -E'
ac_cv_path_GREP=/bin/grep
ac_cv_prog_CPP='gcc -E'
ac_cv_prog_ac_ct_CC=gcc
ac_cv_prog_ac_ct_CXX=g++
ac_cv_prog_cc_c89=
ac_cv_prog_cc_g=yes
ac_cv_prog_cxx_g=yes
ac_cv_prog_protoc_found=yes
ac_cv_type__Bool=yes

## ----------------- ##
## Output variables. ##
## ----------------- ##

CC='gcc'
CFLAGS='-Wall -O0 -g3'
CPP='gcc -E'
CPPFLAGS=''
CXX='g++'
CXXFLAGS='-g -O2'
DEFS='-DPACKAGE_NAME=\"fann_train\" -DPACKAGE_TARNAME=\"fann_train\" -DPACKAGE_VERSION=\"0.1\" -DPACKAGE_STRING=\"fann_train\ 0.1\" -DPACKAGE_BUGREPORT=\"alex.drozdovs@gmail.com\" -DPACKAGE_URL=\"\" -DSTDC_HEADERS=1 -DHAVE_SYS_TYPES_H=1 -DHAVE_SYS_STAT_H=1 -DHAVE_STDLIB_H=1 -DHAVE_STRING_H=1 -DHAVE_MEMORY_H=1 -DHAVE_STRINGS_H=1 -DHAVE_INTTYPES_H=1 -DHAVE_STDINT_H=1 -DHAVE_UNISTD_H=1 -DHAVE_STDLIB_H=1 -DHAVE_STRING_H=1 -DHAVE_SYS_SOCKET_H=1 -DHAVE_SYS_TIME_H=1 -DHAVE_UNISTD_H=1 -DHAVE__BOOL=1 -DHAVE_STDBOOL_H=1 -DHAVE_MEMSET=1 -DHAVE_LIBDL=1 -DHAVE_LIBPTHREAD=1'
ECHO_C=''
ECHO_N='-n'
ECHO_T=''
EGREP='/bin/grep -E'
EXEEXT=''
GREP='/bin/grep'
LDFLAGS=''
LIBOBJS=''
LIBS='-lpthread -ldl  -lprotobuf -L/home/adrozdov/dev/speech/aux-packages/build/lib/ -lpcre -lfloatfann -ltcl8.5'
LTLIBOBJS=''
OBJEXT='o'
PACKAGE_BUGREPORT='alex.drozdovs@gmail.com'
PACKAGE_NAME='fann_train'
PACKAGE_STRING='fann_train 0.1'
PACKAGE_TARNAME='fann_train'
PACKAGE_URL=''
PACKAGE_VERSION='0.1'
PATH_SEPARATOR=':'
SHELL='/bin/bash'
ac_ct_CC='gcc'
ac_ct_CXX='g++'
bindir='${exec_prefix}/bin'
build_alias=''
build_dir='./obj'
datadir='${datarootdir}'
datarootdir='${prefix}/share'
docdir='${datarootdir}/doc/${PACKAGE_TARNAME}'
dvidir='${docdir}'
exec_prefix='${prefix}'
host_alias=''
htmldir='${docdir}'
includedir='${prefix}/include'
includes=' -I /home/adrozdov/dev/speech/aux-packages/build/include/'
infodir='${datarootdir}/info'
install_targets='install.gnulinux'
libdir='${exec_prefix}/lib'
libexecdir='${exec_prefix}/libexec'
libext='.so'
localedir='${datarootdir}/locale'
localstatedir='${prefix}/var'
mandir='${datarootdir}/man'
oldincludedir='/usr/include'
pdfdir='${docdir}'
prefix='/usr/local'
program_transform_name='s,x,x,'
protoc='/home/adrozdov/dev/speech/aux-packages/build/bin/protoc'
protoc_found='yes'
psdir='${docdir}'
sbindir='${exec_prefix}/sbin'
sharedstatedir='${prefix}/com'
sysconfdir='${prefix}/etc'
target_alias=''

## ----------- ##
## confdefs.h. ##
## ----------- ##

/* confdefs.h */
#define PACKAGE_NAME "fann_train"
#define PACKAGE_TARNAME "fann_train"
#define PACKAGE_VERSION "0.1"
#define PACKAGE_STRING "fann_train 0.1"
#define PACKAGE_BUGREPORT "alex.drozdovs@gmail.com"
#define PACKAGE_URL ""
#define STDC_HEADERS 1
#define HAVE_SYS_TYPES_H 1
#define HAVE_SYS_STAT_H 1
#define HAVE_STDLIB_H 1
#define HAVE_STRING_H 1
#define HAVE_MEMORY_H 1
#define HAVE_STRINGS_H 1
#define HAVE_INTTYPES_H 1
#define HAVE_STDINT_H 1
#define HAVE_UNISTD_H 1
#define HAVE_STDLIB_H 1
#define HAVE_STRING_H 1
#define HAVE_SYS_SOCKET_H 1
#define HAVE_SYS_TIME_H 1
#define HAVE_UNISTD_H 1
#define HAVE__BOOL 1
#define HAVE_STDBOOL_H 1
#define HAVE_MEMSET 1
#define HAVE_LIBDL 1
#define HAVE_LIBPTHREAD 1

configure: exit 0
